<?xml version="1.0" encoding="UTF-8"?>
<testng-results ignored="0" total="1" passed="1" failed="0" skipped="0">
  <reporter-output>
  </reporter-output>
  <suite started-at="2024-01-22T15:16:58 IST" name="Default suite" finished-at="2024-01-22T15:17:01 IST" duration-ms="2800">
    <groups>
    </groups>
    <test started-at="2024-01-22T15:16:58 IST" name="Default test" finished-at="2024-01-22T15:17:01 IST" duration-ms="2800">
      <class name="Auothintication.SpecBuilderClass">
        <test-method signature="getData()[pri:0, instance:Auothintication.SpecBuilderClass@2ed2d9cb]" started-at="2024-01-22T15:16:58 IST" name="getData" finished-at="2024-01-22T15:17:01 IST" duration-ms="2746" status="PASS">
          <reporter-output>
          </reporter-output>
        </test-method> <!-- getData -->
      </class> <!-- Auothintication.SpecBuilderClass -->
    </test> <!-- Default test -->
  </suite> <!-- Default suite -->
</testng-results>
